
Start-Date: 2018-09-01  16:14:12
Commandline: apt install net-tools
Install: net-tools:amd64 (1.60+git20161116.90da8a0-1)
End-Date: 2018-09-01  16:14:13

Start-Date: 2018-09-01  16:27:55
Commandline: apt install xorriso squashfs-tools parted testdisk wipe partimage xfsprogs reiserfsprogs jfsutils ntfs-3g dosfstools mtools
Install: libisofs6:amd64 (1.4.6-1, automatic), ntfs-3g:amd64 (1:2016.2.22AR.1+dfsg-1), libparted2:amd64 (3.2-17, automatic), squashfs-tools:amd64 (1:4.3-3+deb9u1), reiserfsprogs:amd64 (1:3.6.25-4+b1), jfsutils:amd64 (1.1.15-3), libntfs-3g871:amd64 (1:2016.2.22AR.1+dfsg-1, automatic), libisoburn1:amd64 (1.4.6-1+b1, automatic), partimage:amd64 (0.6.9-4), libburn4:amd64 (1.4.6-1, automatic), xorriso:amd64 (1.4.6-1+b1), parted:amd64 (3.2-17), testdisk:amd64 (7.0-3), mtools:amd64 (4.0.18-2+b1), wipe:amd64 (0.24-2), libjte1:amd64 (1.20-2+b1, automatic)
End-Date: 2018-09-01  16:28:12

Start-Date: 2018-09-01  16:37:01
Commandline: apt --fix-broken install
Install: uuid-runtime:amd64 (2.29.2-1+deb9u1, automatic)
Remove: casper:amd64 (1.394)
End-Date: 2018-09-01  16:37:02

Start-Date: 2018-09-01  16:37:07
Commandline: apt install software-properties-common
Install: libpolkit-gobject-1-0:amd64 (0.105-18, automatic), iso-codes:amd64 (3.75-1, automatic), libpackagekit-glib2-18:amd64 (1.1.5-2+deb9u1, automatic), python3-software-properties:amd64 (0.96.20.2-1, automatic), libgirepository-1.0-1:amd64 (1.50.0-1+b1, automatic), libpolkit-agent-1-0:amd64 (0.105-18, automatic), packagekit-tools:amd64 (1.1.5-2+deb9u1, automatic), gir1.2-glib-2.0:amd64 (1.50.0-1+b1, automatic), libglib2.0-bin:amd64 (2.50.3-2, automatic), distro-info-data:amd64 (0.36, automatic), packagekit:amd64 (1.1.5-2+deb9u1, automatic), libdbus-glib-1-2:amd64 (0.108-2, automatic), libpolkit-backend-1-0:amd64 (0.105-18, automatic), python3-dbus:amd64 (1.2.4-1+b1, automatic), libglib2.0-data:amd64 (2.50.3-2, automatic), policykit-1:amd64 (0.105-18, automatic), lsb-release:amd64 (9.20161125, automatic), python3-gi:amd64 (3.22.0-2, automatic), gir1.2-packagekitglib-1.0:amd64 (1.1.5-2+deb9u1, automatic), unattended-upgrades:amd64 (0.93.1+nmu1, automatic), libgstreamer1.0-0:amd64 (1.10.4-1, automatic), software-properties-common:amd64 (0.96.20.2-1)
End-Date: 2018-09-01  16:37:11

Start-Date: 2018-09-01  16:43:26
Commandline: apt install gnupg1-curl
Install: gnupg1-l10n:amd64 (1.4.21-4+deb9u1, automatic), gnupg1-curl:amd64 (1.4.21-4+deb9u1), gnupg1:amd64 (1.4.21-4+deb9u1, automatic)
End-Date: 2018-09-01  16:43:26

Start-Date: 2018-09-01  16:43:57
Commandline: apt install dirmngr
Install: gnupg-utils:amd64 (2.2.4-1ubuntu1, automatic), gpg-wks-client:amd64 (2.2.4-1ubuntu1, automatic), gnupg-l10n:amd64 (2.2.4-1ubuntu1, automatic), gpg-wks-server:amd64 (2.2.4-1ubuntu1, automatic), gpg:amd64 (2.2.4-1ubuntu1, automatic), dirmngr:amd64 (2.2.4-1ubuntu1), gpg-agent:amd64 (2.2.4-1ubuntu1, automatic), gpgconf:amd64 (2.2.4-1ubuntu1, automatic), gpgsm:amd64 (2.2.4-1ubuntu1, automatic)
Upgrade: python3-software-properties:amd64 (0.96.20.2-1, 0.96.24.32.1), libassuan0:amd64 (2.4.3-2, 2.5.1-2), libgcrypt20:amd64 (1.7.6-2+deb9u2, 1.8.1-4ubuntu1), gpgv:amd64 (2.1.18-8~deb9u1, 2.2.4-1ubuntu1), gnupg:amd64 (2.1.18-8~deb9u1, 2.2.4-1ubuntu1), software-properties-common:amd64 (0.96.20.2-1, 0.96.24.32.1)
Remove: gnupg-agent:amd64 (2.1.18-8~deb9u1)
End-Date: 2018-09-01  16:43:59

Start-Date: 2018-09-01  16:44:28
Commandline: apt install casper
Install: casper:amd64 (1.394), sudo:amd64 (1.8.21p2-3ubuntu1, automatic), libplymouth4:amd64 (0.9.3-1ubuntu7, automatic), localechooser-data:amd64 (2.71ubuntu2, automatic), user-setup:amd64 (1.67, automatic), busybox-initramfs:amd64 (1:1.27.2-2ubuntu3, automatic)
Upgrade: libc6-dev:amd64 (2.24-11+deb9u1, 2.27-3ubuntu1), libc6:amd64 (2.24-11+deb9u1, 2.27-3ubuntu1), locales:amd64 (2.24-11+deb9u1, 2.27-3ubuntu1), libc-bin:amd64 (2.24-11+deb9u1, 2.27-3ubuntu1), libc-dev-bin:amd64 (2.24-11+deb9u1, 2.27-3ubuntu1)
Error: Sub-process /usr/bin/dpkg returned an error code (1)
End-Date: 2018-09-01  16:44:35

Start-Date: 2018-09-01  16:49:36
Commandline: apt install casper
End-Date: 2018-09-01  16:49:43

Start-Date: 2018-09-01  16:51:54
Commandline: apt-get autoremove --purge
Purge: libpackagekit-glib2-18:amd64 (1.1.5-2+deb9u1), packagekit-tools:amd64 (1.1.5-2+deb9u1), libglib2.0-bin:amd64 (2.50.3-2), packagekit:amd64 (1.1.5-2+deb9u1), gir1.2-packagekitglib-1.0:amd64 (1.1.5-2+deb9u1), libgstreamer1.0-0:amd64 (1.10.4-1)
End-Date: 2018-09-01  16:51:55

Start-Date: 2018-09-01  16:53:20
Commandline: apt install lupin-casper
Install: lupin-casper:amd64 (0.57build1)
End-Date: 2018-09-01  16:53:20
