Sep  1 16:09:58 pve systemd-logind[621]: New seat seat0.
Sep  1 16:09:58 pve systemd-logind[621]: Watching system buttons on /dev/input/event0 (Power Button)
Sep  1 16:09:58 pve systemd-logind[621]: Watching system buttons on /dev/input/event1 (Sleep Button)
Sep  1 16:09:58 pve systemd-logind[621]: Watching system buttons on /dev/input/event5 (Video Bus)
Sep  1 16:09:58 pve sshd[813]: Server listening on 0.0.0.0 port 22.
Sep  1 16:09:58 pve sshd[813]: Server listening on :: port 22.
Sep  1 16:10:18 pve login[913]: pam_unix(login:auth): check pass; user unknown
Sep  1 16:10:18 pve login[913]: pam_unix(login:auth): authentication failure; logname=LOGIN uid=0 euid=0 tty=/dev/tty1 ruser= rhost=
Sep  1 16:10:20 pve login[913]: FAILED LOGIN (1) on '/dev/tty1' FOR 'UNKNOWN', Authentication failure
Sep  1 16:10:23 pve login[913]: pam_unix(login:session): session opened for user root by LOGIN(uid=0)
Sep  1 16:10:23 pve systemd: pam_unix(systemd-user:session): session opened for user root by (uid=0)
Sep  1 16:10:23 pve systemd-logind[621]: New session 1 of user root.
Sep  1 16:10:23 pve login[1401]: ROOT LOGIN  on '/dev/tty1'
Sep  1 16:11:39 pve sshd[813]: Received SIGHUP; restarting.
Sep  1 16:11:39 pve sshd[813]: Server listening on 0.0.0.0 port 22.
Sep  1 16:11:39 pve sshd[813]: Server listening on :: port 22.
Sep  1 16:17:01 pve CRON[3186]: pam_unix(cron:session): session opened for user root by (uid=0)
Sep  1 16:17:01 pve CRON[3186]: pam_unix(cron:session): session closed for user root
Sep  1 16:21:22 pve sshd[3641]: Accepted password for root from 172.23.47.199 port 50311 ssh2
Sep  1 16:21:22 pve sshd[3641]: pam_unix(sshd:session): session opened for user root by (uid=0)
Sep  1 16:21:22 pve systemd-logind[621]: New session 4 of user root.
Sep  1 16:21:55 pve sshd[3641]: Received disconnect from 172.23.47.199 port 50311:11: disconnected by user
Sep  1 16:21:55 pve sshd[3641]: Disconnected from 172.23.47.199 port 50311
Sep  1 16:21:55 pve sshd[3641]: pam_unix(sshd:session): session closed for user root
Sep  1 16:21:55 pve systemd-logind[621]: Removed session 4.
Sep  1 16:21:56 pve sshd[3732]: Accepted publickey for root from 172.23.47.199 port 50324 ssh2: RSA SHA256:enMoqjuPQ7NWTkDTSA6lGgXjh2JZxbHNX0fqMG4bq64
Sep  1 16:21:56 pve sshd[3732]: pam_unix(sshd:session): session opened for user root by (uid=0)
Sep  1 16:21:56 pve systemd-logind[621]: New session 5 of user root.
Sep  1 16:23:35 pve sshd[3732]: Received disconnect from 172.23.47.199 port 50324:11: disconnected by user
Sep  1 16:23:35 pve sshd[3732]: Disconnected from 172.23.47.199 port 50324
Sep  1 16:23:35 pve sshd[3732]: pam_unix(sshd:session): session closed for user root
Sep  1 16:23:35 pve systemd-logind[621]: Removed session 5.
Sep  1 16:23:37 pve sshd[3938]: Accepted publickey for root from 172.23.47.199 port 50355 ssh2: RSA SHA256:enMoqjuPQ7NWTkDTSA6lGgXjh2JZxbHNX0fqMG4bq64
Sep  1 16:23:37 pve sshd[3938]: pam_unix(sshd:session): session opened for user root by (uid=0)
Sep  1 16:23:37 pve systemd-logind[621]: New session 6 of user root.
Sep  1 16:37:01 pve groupadd[18032]: group added to /etc/group: name=uuidd, GID=115
Sep  1 16:37:01 pve groupadd[18032]: group added to /etc/gshadow: name=uuidd
Sep  1 16:37:01 pve groupadd[18032]: new group: name=uuidd, GID=115
Sep  1 16:37:01 pve useradd[18038]: new user: name=uuidd, UID=109, GID=115, home=/run/uuidd, shell=/bin/false
Sep  1 16:37:01 pve usermod[18043]: change user 'uuidd' password
Sep  1 16:37:01 pve chage[18048]: changed password expiry for uuidd
Sep  1 16:53:26 pve systemd: pam_unix(systemd-user:session): session closed for user root
Sep  1 16:53:26 pve systemd-logind[621]: Failed to abandon session scope, ignoring: Connection reset by peer
Sep  1 16:53:26 pve systemd-logind[621]: Failed to abandon session scope, ignoring: Transport endpoint is not connected
Sep  1 16:53:31 pve sshd[813]: Received signal 15; terminating.
Sep  1 16:53:55 pve systemd-logind[689]: New seat seat0.
Sep  1 16:53:55 pve systemd-logind[689]: Watching system buttons on /dev/input/event0 (Power Button)
Sep  1 16:53:55 pve systemd-logind[689]: Watching system buttons on /dev/input/event1 (Sleep Button)
Sep  1 16:53:55 pve systemd-logind[689]: Watching system buttons on /dev/input/event5 (Video Bus)
Sep  1 16:53:56 pve sshd[872]: Server listening on 0.0.0.0 port 22.
Sep  1 16:53:56 pve sshd[872]: Server listening on :: port 22.
Sep  1 16:54:08 pve sshd[1354]: Accepted publickey for root from 172.23.47.199 port 51948 ssh2: RSA SHA256:enMoqjuPQ7NWTkDTSA6lGgXjh2JZxbHNX0fqMG4bq64
Sep  1 16:54:08 pve sshd[1354]: pam_unix(sshd:session): session opened for user root by (uid=0)
Sep  1 16:54:08 pve systemd: pam_unix(systemd-user:session): session opened for user root by (uid=0)
Sep  1 16:54:08 pve systemd-logind[689]: New session 1 of user root.
Sep  1 17:04:50 pve sudo:     root : TTY=pts/0 ; PWD=/root ; USER=root ; COMMAND=/usr/bin/rsync -av --dry-run --one-file-system --delete --exclude=/proc/* --exclude=/dev/* --exclude=/sys/* --exclude=/tmp/* --exclude=/lost+found --exclude=/var/tmp/* --exclude=/boot/* --exclude=/var/mail/* --exclude=/var/spool/* --exclude=/media/* --exclude=/etc/fstab --exclude=/etc/mtab --exclude=/etc/hosts --exclude=/var/lib/libvirt/images --exclude=/root/osworkdir --exclude=/root/bootdisk / /root/osworkdir
Sep  1 17:04:50 pve sudo: pam_unix(sudo:session): session opened for user root by root(uid=0)
Sep  1 17:04:52 pve sudo: pam_unix(sudo:session): session closed for user root
Sep  1 17:05:08 pve sudo:     root : TTY=pts/0 ; PWD=/root ; USER=root ; COMMAND=/usr/bin/rsync -av --one-file-system --delete --exclude=/proc/* --exclude=/dev/* --exclude=/sys/* --exclude=/tmp/* --exclude=/lost+found --exclude=/var/tmp/* --exclude=/boot/* --exclude=/var/mail/* --exclude=/var/spool/* --exclude=/media/* --exclude=/etc/fstab --exclude=/etc/mtab --exclude=/etc/hosts --exclude=/var/lib/libvirt/images --exclude=/root/osworkdir --exclude=/root/bootdisk / /root/osworkdir
Sep  1 17:05:08 pve sudo: pam_unix(sudo:session): session opened for user root by root(uid=0)
Sep  1 17:05:21 pve sudo: pam_unix(sudo:session): session closed for user root
Sep  1 17:17:01 pve CRON[3332]: pam_unix(cron:session): session opened for user root by (uid=0)
Sep  1 17:17:01 pve CRON[3332]: pam_unix(cron:session): session closed for user root
Sep  1 17:17:49 pve sudo:     root : TTY=pts/0 ; PWD=/root ; USER=root ; COMMAND=/usr/bin/rsync -av --one-file-system --delete --exclude=/proc/* --exclude=/dev/* --exclude=/sys/* --exclude=/tmp/* --exclude=/lost+found --exclude=/var/tmp/* --exclude=/boot/* --exclude=/var/mail/* --exclude=/var/spool/* --exclude=/media/* --exclude=/etc/fstab --exclude=/etc/mtab --exclude=/etc/hosts --exclude=/var/lib/libvirt/images --exclude=/root/osworkdir --exclude=/root/bootdisk / /root/osworkdir
Sep  1 17:17:49 pve sudo: pam_unix(sudo:session): session opened for user root by root(uid=0)
Sep  1 17:17:55 pve sudo: pam_unix(sudo:session): session closed for user root
Sep  1 17:21:04 pve sudo:     root : TTY=pts/0 ; PWD=/root ; USER=root ; COMMAND=/usr/bin/rsync -av --one-file-system --delete --exclude=/proc/* --exclude=/dev/* --exclude=/sys/* --exclude=/tmp/* --exclude=/lost+found --exclude=/var/tmp/* --exclude=/boot/* --exclude=/var/mail/* --exclude=/var/spool/* --exclude=/media/* --exclude=/etc/fstab --exclude=/etc/mtab --exclude=/etc/hosts --exclude=/var/lib/libvirt/images --exclude=/root/osworkdir --exclude=/root/bootdisk / /root/osworkdir
Sep  1 17:21:04 pve sudo: pam_unix(sudo:session): session opened for user root by root(uid=0)
Sep  1 17:21:23 pve sudo: pam_unix(sudo:session): session closed for user root
Sep  1 17:22:29 pve systemd: pam_unix(systemd-user:session): session closed for user root
Sep  1 17:22:29 pve systemd-logind[689]: Failed to abandon session scope, ignoring: Connection reset by peer
Sep  1 17:22:34 pve sshd[872]: Received signal 15; terminating.
Sep  1 17:22:54 pve systemd-logind[676]: New seat seat0.
Sep  1 17:22:54 pve systemd-logind[676]: Watching system buttons on /dev/input/event0 (Power Button)
Sep  1 17:22:54 pve systemd-logind[676]: Watching system buttons on /dev/input/event1 (Sleep Button)
Sep  1 17:22:54 pve systemd-logind[676]: Watching system buttons on /dev/input/event5 (Video Bus)
Sep  1 17:22:55 pve sshd[868]: Server listening on 0.0.0.0 port 22.
Sep  1 17:22:55 pve sshd[868]: Server listening on :: port 22.
Sep  1 17:26:13 pve sshd[1595]: Accepted publickey for root from 172.23.47.199 port 52449 ssh2: RSA SHA256:enMoqjuPQ7NWTkDTSA6lGgXjh2JZxbHNX0fqMG4bq64
Sep  1 17:26:13 pve sshd[1595]: pam_unix(sshd:session): session opened for user root by (uid=0)
Sep  1 17:26:13 pve systemd: pam_unix(systemd-user:session): session opened for user root by (uid=0)
Sep  1 17:26:13 pve systemd-logind[676]: New session 1 of user root.
Sep  1 17:26:47 pve sudo:     root : TTY=pts/0 ; PWD=/root ; USER=root ; COMMAND=/usr/bin/rsync -av --dry-run --one-file-system --delete --exclude=/proc/* --exclude=/dev/* --exclude=/sys/* --exclude=/tmp/* --exclude=/lost+found --exclude=/var/tmp/* --exclude=/boot/* --exclude=/var/mail/* --exclude=/var/spool/* --exclude=/media/* --exclude=/etc/fstab --exclude=/etc/mtab --exclude=/etc/hosts --exclude=/var/lib/libvirt/images --exclude=/root/osworkdir --exclude=/root/bootdisk / /root/osworkdir
Sep  1 17:26:47 pve sudo: pam_unix(sudo:session): session opened for user root by root(uid=0)
Sep  1 17:26:49 pve sudo: pam_unix(sudo:session): session closed for user root
Sep  1 17:27:27 pve sudo:     root : TTY=pts/0 ; PWD=/root ; USER=root ; COMMAND=/bin/mount --bind /dev/ /root/osworkdir/rootfs/dev
Sep  1 17:27:27 pve sudo: pam_unix(sudo:session): session opened for user root by root(uid=0)
Sep  1 17:27:27 pve sudo: pam_unix(sudo:session): session closed for user root
Sep  1 17:27:27 pve sudo:     root : TTY=pts/0 ; PWD=/root ; USER=root ; COMMAND=/bin/mount -t proc proc /root/osworkdir/rootfs/proc
Sep  1 17:27:27 pve sudo: pam_unix(sudo:session): session opened for user root by root(uid=0)
Sep  1 17:27:27 pve sudo: pam_unix(sudo:session): session closed for user root
Sep  1 17:27:27 pve sudo:     root : TTY=pts/0 ; PWD=/root ; USER=root ; COMMAND=/bin/mount -t sysfs sysfs /root/osworkdir/rootfs/sys
Sep  1 17:27:27 pve sudo: pam_unix(sudo:session): session opened for user root by root(uid=0)
Sep  1 17:27:27 pve sudo: pam_unix(sudo:session): session closed for user root
Sep  1 17:27:27 pve sudo:     root : TTY=pts/0 ; PWD=/root ; USER=root ; COMMAND=/bin/mount -o bind /run /root/osworkdir/rootfs/run
Sep  1 17:27:27 pve sudo: pam_unix(sudo:session): session opened for user root by root(uid=0)
Sep  1 17:27:27 pve sudo: pam_unix(sudo:session): session closed for user root
Sep  1 17:27:51 pve sudo:     root : TTY=pts/0 ; PWD=/root ; USER=root ; COMMAND=/bin/mount --bind /dev/ /root/osworkdir/dev
Sep  1 17:27:51 pve sudo: pam_unix(sudo:session): session opened for user root by root(uid=0)
Sep  1 17:27:51 pve sudo: pam_unix(sudo:session): session closed for user root
Sep  1 17:27:51 pve sudo:     root : TTY=pts/0 ; PWD=/root ; USER=root ; COMMAND=/bin/mount -t proc proc /root/osworkdir/proc
Sep  1 17:27:51 pve sudo: pam_unix(sudo:session): session opened for user root by root(uid=0)
Sep  1 17:27:51 pve sudo: pam_unix(sudo:session): session closed for user root
Sep  1 17:27:51 pve sudo:     root : TTY=pts/0 ; PWD=/root ; USER=root ; COMMAND=/bin/mount -t sysfs sysfs /root/osworkdir/sys
Sep  1 17:27:51 pve sudo: pam_unix(sudo:session): session opened for user root by root(uid=0)
Sep  1 17:27:51 pve sudo: pam_unix(sudo:session): session closed for user root
Sep  1 17:27:51 pve sudo:     root : TTY=pts/0 ; PWD=/root ; USER=root ; COMMAND=/bin/mount -o bind /run /root/osworkdir/run
Sep  1 17:27:51 pve sudo: pam_unix(sudo:session): session opened for user root by root(uid=0)
Sep  1 17:27:51 pve sudo: pam_unix(sudo:session): session closed for user root
Sep  1 17:27:52 pve sudo:     root : TTY=pts/0 ; PWD=/root ; USER=root ; COMMAND=/usr/sbin/chroot /root/osworkdir /bin/bash
Sep  1 17:27:52 pve sudo: pam_unix(sudo:session): session opened for user root by root(uid=0)
Sep  1 17:28:43 pve sudo: pam_unix(sudo:session): session closed for user root
Sep  1 17:29:35 pve sudo:     root : TTY=pts/0 ; PWD=/root ; USER=root ; COMMAND=/usr/bin/rsync -av --one-file-system --delete --exclude=/proc/* --exclude=/dev/* --exclude=/sys/* --exclude=/tmp/* --exclude=/lost+found --exclude=/var/tmp/* --exclude=/var/mail/* --exclude=/var/spool/* --exclude=/media/* --exclude=/etc/fstab --exclude=/etc/mtab --exclude=/etc/hosts --exclude=/var/lib/libvirt/images --exclude=/root/osworkdir --exclude=/root/bootdisk / /root/osworkdir
Sep  1 17:29:35 pve sudo: pam_unix(sudo:session): session opened for user root by root(uid=0)
Sep  1 17:29:36 pve sudo: pam_unix(sudo:session): session closed for user root
Sep  1 17:30:00 pve sudo:     root : TTY=pts/0 ; PWD=/root ; USER=root ; COMMAND=/bin/mount --bind /dev/ /root/osworkdir/dev
Sep  1 17:30:00 pve sudo: pam_unix(sudo:session): session opened for user root by root(uid=0)
Sep  1 17:30:00 pve sudo: pam_unix(sudo:session): session closed for user root
Sep  1 17:30:00 pve sudo:     root : TTY=unknown ; PWD=/root ; USER=root ; COMMAND=/bin/mount -t proc proc /root/osworkdir/proc
Sep  1 17:30:00 pve sudo: pam_unix(sudo:session): session opened for user root by (uid=0)
Sep  1 17:30:00 pve sudo: pam_unix(sudo:session): session closed for user root
Sep  1 17:30:00 pve sudo:     root : TTY=unknown ; PWD=/root ; USER=root ; COMMAND=/bin/mount -t sysfs sysfs /root/osworkdir/sys
Sep  1 17:30:00 pve sudo: pam_unix(sudo:session): session opened for user root by (uid=0)
Sep  1 17:30:00 pve sudo: pam_unix(sudo:session): session closed for user root
Sep  1 17:30:00 pve sudo:     root : TTY=unknown ; PWD=/root ; USER=root ; COMMAND=/bin/mount -o bind /run /root/osworkdir/run
Sep  1 17:30:00 pve sudo: pam_unix(sudo:session): session opened for user root by (uid=0)
Sep  1 17:30:00 pve sudo: pam_unix(sudo:session): session closed for user root
Sep  1 17:30:10 pve sudo:     root : TTY=unknown ; PWD=/root ; USER=root ; COMMAND=/usr/sbin/chroot /root/osworkdir /bin/bash
Sep  1 17:30:10 pve sudo: pam_unix(sudo:session): session opened for user root by (uid=0)
Sep  1 17:31:10 pve sudo: pam_unix(sudo:session): session closed for user root
Sep  1 17:32:02 pve sudo:     root : TTY=unknown ; PWD=/root ; USER=root ; COMMAND=/bin/cp -vp /root/osworkdir/boot/vmlinuz-4.15.17-1-pve /root/bootdisk//vmlinuz
Sep  1 17:32:02 pve sudo: pam_unix(sudo:session): session opened for user root by (uid=0)
Sep  1 17:32:02 pve sudo: pam_unix(sudo:session): session closed for user root
Sep  1 17:32:02 pve sudo:     root : TTY=unknown ; PWD=/root ; USER=root ; COMMAND=/bin/cp -vp /root/osworkdir/boot/initrd.img-4.15.17-1-pve /root/bootdisk//initrd.img
Sep  1 17:32:02 pve sudo: pam_unix(sudo:session): session opened for user root by (uid=0)
Sep  1 17:32:02 pve sudo: pam_unix(sudo:session): session closed for user root
Sep  1 17:32:04 pve sudo:     root : TTY=unknown ; PWD=/root ; USER=root ; COMMAND=/bin/cp -vp /root/osworkdir/boot/memtest86+.bin /root/bootdisk/boot
Sep  1 17:32:04 pve sudo: pam_unix(sudo:session): session opened for user root by (uid=0)
Sep  1 17:32:04 pve sudo: pam_unix(sudo:session): session closed for user root
Sep  1 17:32:19 pve sudo:     root : TTY=unknown ; PWD=/root ; USER=root ; COMMAND=/bin/umount /root/osworkdir/proc
Sep  1 17:32:19 pve sudo: pam_unix(sudo:session): session opened for user root by (uid=0)
Sep  1 17:32:19 pve sudo: pam_unix(sudo:session): session closed for user root
Sep  1 17:32:19 pve sudo:     root : TTY=unknown ; PWD=/root ; USER=root ; COMMAND=/bin/umount /root/osworkdir/sys
Sep  1 17:32:19 pve sudo: pam_unix(sudo:session): session opened for user root by (uid=0)
Sep  1 17:32:19 pve sudo: pam_unix(sudo:session): session closed for user root
Sep  1 17:32:19 pve sudo:     root : TTY=unknown ; PWD=/root ; USER=root ; COMMAND=/bin/umount /root/osworkdir/dev
Sep  1 17:32:19 pve sudo: pam_unix(sudo:session): session opened for user root by (uid=0)
Sep  1 17:32:19 pve sudo: pam_unix(sudo:session): session closed for user root
Sep  1 17:32:19 pve sudo:     root : TTY=pts/0 ; PWD=/root ; USER=root ; COMMAND=/usr/bin/mksquashfs /root/osworkdir /root/bootdisk/casper/filesystem.squashfs -noappend
Sep  1 17:32:19 pve sudo: pam_unix(sudo:session): session opened for user root by root(uid=0)
Sep  1 17:32:19 pve sudo: pam_unix(sudo:session): session closed for user root
Sep  1 17:32:39 pve sudo:     root : TTY=pts/0 ; PWD=/root ; USER=root ; COMMAND=/usr/bin/mksquashfs /root/osworkdir /root/bootdisk/casper/filesystem.squashfs -noappend
Sep  1 17:32:39 pve sudo: pam_unix(sudo:session): session opened for user root by root(uid=0)
Sep  1 17:35:53 pve sudo: pam_unix(sudo:session): session closed for user root
Sep  1 17:38:59 pve login[1086]: pam_unix(login:session): session opened for user root by LOGIN(uid=0)
Sep  1 17:38:59 pve systemd-logind[676]: New session 3 of user root.
Sep  1 17:38:59 pve login[9101]: ROOT LOGIN  on '/dev/tty1'
Sep  1 17:39:02 pve sshd[1595]: Received disconnect from 172.23.47.199 port 52449:11: disconnected by user
Sep  1 17:39:02 pve sshd[1595]: Disconnected from 172.23.47.199 port 52449
Sep  1 17:39:02 pve sshd[1595]: pam_unix(sshd:session): session closed for user root
Sep  1 17:39:02 pve systemd-logind[676]: Removed session 1.
Sep  1 17:39:12 pve sshd[9171]: Accepted publickey for root from 172.23.47.199 port 52614 ssh2: RSA SHA256:enMoqjuPQ7NWTkDTSA6lGgXjh2JZxbHNX0fqMG4bq64
Sep  1 17:39:12 pve sshd[9171]: pam_unix(sshd:session): session opened for user root by (uid=0)
Sep  1 17:39:12 pve systemd-logind[676]: New session 4 of user root.
Sep  1 17:44:06 pve sudo:     root : TTY=pts/0 ; PWD=/root/bootdisk ; USER=root ; COMMAND=/usr/bin/tee /casper/filesystem.size
Sep  1 17:44:06 pve sudo: pam_unix(sudo:session): session opened for user root by root(uid=0)
Sep  1 17:44:06 pve sudo:     root : TTY=pts/0 ; PWD=/root/bootdisk ; USER=root ; COMMAND=/usr/bin/du -s --block-size=1
Sep  1 17:44:06 pve sudo: pam_unix(sudo:session): session opened for user root by root(uid=0)
Sep  1 17:44:06 pve sudo: pam_unix(sudo:session): session closed for user root
Sep  1 17:44:06 pve sudo: pam_unix(sudo:session): session closed for user root
Sep  1 17:44:28 pve sudo:     root : TTY=pts/0 ; PWD=/root ; USER=root ; COMMAND=/usr/bin/tee /root/bootdisk/casper/filesystem.size
Sep  1 17:44:28 pve sudo: pam_unix(sudo:session): session opened for user root by root(uid=0)
Sep  1 17:44:28 pve sudo:     root : TTY=pts/0 ; PWD=/root ; USER=root ; COMMAND=/usr/bin/du -s --block-size=1 /root/osworkdir
Sep  1 17:44:28 pve sudo: pam_unix(sudo:session): session opened for user root by root(uid=0)
Sep  1 17:44:28 pve sudo: pam_unix(sudo:session): session closed for user root
Sep  1 17:44:28 pve sudo: pam_unix(sudo:session): session closed for user root
Sep  1 18:04:59 pve sudo:     root : TTY=pts/0 ; PWD=/root ; USER=root ; COMMAND=/usr/bin/rsync -av --dry-run --one-file-system --delete --exclude=/proc/* --exclude=/dev/* --exclude=/sys/* --exclude=/tmp/* --exclude=/lost+found --exclude=/var/tmp/* --exclude=/var/mail/* --exclude=/var/spool/* --exclude=/media/* --exclude=/etc/fstab --exclude=/etc/mtab --exclude=/etc/hosts --exclude=/var/lib/libvirt/images --exclude=/root/osworkdir --exclude=/root/bootdisk / /root/osworkdir
Sep  1 18:04:59 pve sudo: pam_unix(sudo:session): session opened for user root by root(uid=0)
Sep  1 18:05:00 pve sudo: pam_unix(sudo:session): session closed for user root
Sep  1 18:05:06 pve sudo:     root : TTY=pts/0 ; PWD=/root ; USER=root ; COMMAND=/usr/bin/rsync -av --one-file-system --delete --exclude=/proc/* --exclude=/dev/* --exclude=/sys/* --exclude=/tmp/* --exclude=/lost+found --exclude=/var/tmp/* --exclude=/var/mail/* --exclude=/var/spool/* --exclude=/media/* --exclude=/etc/fstab --exclude=/etc/mtab --exclude=/etc/hosts --exclude=/var/lib/libvirt/images --exclude=/root/osworkdir --exclude=/root/bootdisk / /root/osworkdir
Sep  1 18:05:06 pve sudo: pam_unix(sudo:session): session opened for user root by root(uid=0)
