/usr/share/fonts: caching, new cache contents: 0 fonts, 5 dirs
/usr/share/fonts/eot: caching, new cache contents: 0 fonts, 1 dirs
/usr/share/fonts/eot/font-awesome: caching, new cache contents: 0 fonts, 0 dirs
/usr/share/fonts/opentype: caching, new cache contents: 0 fonts, 1 dirs
/usr/share/fonts/opentype/font-awesome: caching, new cache contents: 1 fonts, 0 dirs
/usr/share/fonts/svg: caching, new cache contents: 0 fonts, 1 dirs
/usr/share/fonts/svg/font-awesome: caching, new cache contents: 0 fonts, 0 dirs
/usr/share/fonts/truetype: caching, new cache contents: 0 fonts, 2 dirs
/usr/share/fonts/truetype/dejavu: caching, new cache contents: 6 fonts, 0 dirs
/usr/share/fonts/truetype/font-awesome: caching, new cache contents: 1 fonts, 0 dirs
/usr/share/fonts/woff: caching, new cache contents: 0 fonts, 1 dirs
/usr/share/fonts/woff/font-awesome: caching, new cache contents: 1 fonts, 0 dirs
/usr/X11R6/lib/X11/fonts: skipping, no such directory
/usr/local/share/fonts: caching, new cache contents: 0 fonts, 0 dirs
/.local/share/fonts: skipping, no such directory
/usr/share/fonts: caching, new cache contents: 0 fonts, 5 dirs
/usr/X11R6/lib/X11/fonts: skipping, no such directory
/usr/local/share/fonts: caching, new cache contents: 0 fonts, 0 dirs
/.local/share/fonts: skipping, no such directory
/var/cache/fontconfig: cleaning cache directory
/.cache/fontconfig: not cleaning non-existent cache directory
fc-cache: succeeded
